app/mapping.txt
com.app.BuildConfig -> com.app.BuildConfig:
    boolean DEBUG -> a
    java.lang.String APPLICATION_ID -> b
    java.lang.String BUILD_TYPE -> c
    java.lang.String FLAVOR -> d
    int VERSION_CODE -> e
    java.lang.String VERSION_NAME -> f
    void <init>() -> <init>
com.app.ITest -> com.app.ITest:
    java.lang.String publicTest() -> a
com.app.R -> com.app.R:
    void <init>() -> <init>
com.app.R$attr -> com.app.R$attr:
    void <init>() -> <init>
com.app.R$color -> com.app.R$color:
    int colorAccent -> colorAccent
    int colorPrimary -> colorPrimary
    int colorPrimaryDark -> colorPrimaryDark
    void <init>() -> <init>
com.app.R$id -> com.app.R$id:
    int recover -> recover
    int reflect -> reflect
    int t1 -> t1
    int t2 -> t2
    int t3 -> t3
    int t4 -> t4
    int t5 -> t5
    int t6 -> t6
    int t7 -> t7
    void <init>() -> <init>
com.app.R$layout -> com.app.R$layout:
    int activity_main -> activity_main
    void <init>() -> <init>
com.app.R$mipmap -> com.app.R$mipmap:
    int ic_launcher -> ic_launcher
    int ic_launcher_round -> ic_launcher_round
    void <init>() -> <init>
com.app.R$string -> com.app.R$string:
    int app_name -> app_name
    void <init>() -> <init>
com.app.Test0 -> com.app.Test0:
    void <init>() -> <init>
    java.lang.String protectedTest(android.app.Activity) -> a
    java.lang.String privateTest(android.app.Activity) -> c
    java.lang.String publicStaticTest() -> a
    java.lang.String protectedStaticTest() -> b
    java.lang.String privateStaticTest() -> f
    java.lang.String callPrivate(android.app.Activity) -> b
    java.lang.String callPrivateStatic() -> c
    java.lang.String innner() -> d
    java.lang.String publicTest() -> e
com.app.Test1 -> com.app.Test1:
    void <init>() -> <init>
    java.lang.String protectedTest(android.app.Activity) -> a
    java.lang.String privateTest(android.app.Activity) -> d
    java.lang.String publicStaticTest() -> f
    java.lang.String protectedStaticTest() -> g
    java.lang.String privateStaticTest() -> i
    java.lang.String finalTest(android.app.Activity) -> c
    java.lang.String callPrivate(android.app.Activity) -> b
    java.lang.String callPrivateStatic() -> h
    java.lang.String innner() -> d
    java.lang.String publicTest() -> e
com.app.TestAC -> com.app.TestAC:
    void <init>() -> <init>
    void onCreate(android.os.Bundle) -> onCreate
    void test() -> a
com.app.TestAC$1 -> com.app.a:
    com.app.TestAC this$0 -> a
    void <init>(com.app.TestAC) -> <init>
    void onClick(android.view.View) -> onClick
com.app.TestAC$2 -> com.app.b:
    com.app.TestAC this$0 -> a
    void <init>(com.app.TestAC) -> <init>
    void onClick(android.view.View) -> onClick
com.app.TestAC2 -> com.app.TestAC2:
    void <init>() -> <init>
    void onCreate(android.os.Bundle) -> onCreate
com.app.ZeusApplication -> com.app.ZeusApplication:
    void <init>() -> <init>
    void onCreate() -> onCreate
    void attachBaseContext(android.content.Context) -> attachBaseContext
...
com.zeus.core.MethodSize6_0 -> com.zeus.core.MethodSize6_0:
    int methodSize -> methodSize
    int methodIndexOffset -> methodIndexOffset
    int declaringClassOffset -> declaringClassOffset
    int superClassOffset -> superClassOffset
    void <init>() -> <init>
    int methodSize() -> methodSize
    int methodIndexOffset() -> methodIndexOffset
    int declaringClassOffset() -> declaringClassOffset
    int superClassOffset() -> superClassOffset
    void <clinit>() -> <clinit>
com.zeus.core.MethodSize8_0 -> com.zeus.core.MethodSize8_0:
    int methodSize -> methodSize
    int methodIndexOffset -> methodIndexOffset
    int declaringClassOffset -> declaringClassOffset
    int superClassOffset -> superClassOffset
    void <init>() -> <init>
    int methodSize() -> methodSize
    int methodIndexOffset() -> methodIndexOffset
    int declaringClassOffset() -> declaringClassOffset
    int superClassOffset() -> superClassOffset
    void <clinit>() -> <clinit>
com.zeus.core.MethodSizeUtils -> com.zeus.core.MethodSizeUtils:
    int size -> size
    com.zeus.core.IMethodSize methodSize -> methodSize
    int methodIndexOffset -> methodIndexOffset
    int declaringClassOffset -> declaringClassOffset
    int superClassOffset -> superClassOffset
    void <init>() -> <init>
    int superClassOffset() -> superClassOffset
    int methodSize() -> methodSize
    int methodIndexOffset() -> methodIndexOffset
    int declaringClassOffset() -> declaringClassOffset
    void <clinit>() -> <clinit>
com.zeus.core.ReflectionReplace5_0 -> com.zeus.core.ReflectionReplace5_0:
    java.lang.reflect.Field artMethodField -> artMethodField
    java.lang.reflect.Field superClassField -> superClassField
    java.util.Map PATCHS -> PATCHS
    java.util.Map CACHE -> CACHE
    void <init>() -> <init>
    void replace(java.lang.reflect.Method,java.lang.reflect.Method) -> replace
    void replace(java.lang.reflect.Constructor,java.lang.reflect.Constructor) -> replace
    void recover(java.lang.Class) -> recover
    void replaceReal(java.util.Map,java.lang.Class,java.lang.Object,java.lang.Object) -> replaceReal
    void <clinit>() -> <clinit>
com.zeus.core.ReflectionReplace5_1 -> com.zeus.core.ReflectionReplace5_1:
    java.lang.reflect.Field artMethodField -> artMethodField
    java.util.Map PATCHS -> PATCHS
    java.util.Map CACHE -> CACHE
    void <init>() -> <init>
    void replace(java.lang.reflect.Method,java.lang.reflect.Method) -> replace
    void replace(java.lang.reflect.Constructor,java.lang.reflect.Constructor) -> replace
    void recover(java.lang.Class) -> recover
    void replaceReal(java.util.List,java.lang.Object,java.lang.Object) -> replaceReal
    void <clinit>() -> <clinit>
com.zeus.core.ReflectionReplace6_0 -> com.zeus.core.ReflectionReplace6_0:
    java.lang.reflect.Field artMethodField -> artMethodField
    java.util.Map PATCHS -> PATCHS
    java.util.Map CACHE -> CACHE
    void <init>() -> <init>
    void replace(java.lang.reflect.Method,java.lang.reflect.Method) -> replace
    void replace(java.lang.reflect.Constructor,java.lang.reflect.Constructor) -> replace
    void recover(java.lang.Class) -> recover
    void replaceReal(java.util.List,long,long) -> replaceReal
    void <clinit>() -> <clinit>
com.zeus.core.ReflectionReplace8_0 -> com.zeus.core.ReflectionReplace8_0:
    java.lang.reflect.Field artMethodField -> artMethodField
    java.util.Map PATCHS -> PATCHS
    java.util.Map CACHE -> CACHE
    void <init>() -> <init>
    void replace(java.lang.reflect.Method,java.lang.reflect.Method) -> replace
    void replace(java.lang.reflect.Constructor,java.lang.reflect.Constructor) -> replace
    void recover(java.lang.Class) -> recover
    void replaceReal(java.util.List,long,long) -> replaceReal
    void <clinit>() -> <clinit>